  render.cpp
e:\guillermohdd\documents\aa2_computer_graphic\code\src\render.cpp(819): warning C4129: '	': secuencia de escape de carácter no reconocida
e:\guillermohdd\documents\aa2_computer_graphic\code\src\render.cpp(819): warning C4129: ' ': secuencia de escape de carácter no reconocida
e:\guillermohdd\documents\aa2_computer_graphic\code\src\render.cpp(820): warning C4129: '	': secuencia de escape de carácter no reconocida
e:\guillermohdd\documents\aa2_computer_graphic\code\src\render.cpp(821): warning C4129: '	': secuencia de escape de carácter no reconocida
e:\guillermohdd\documents\aa2_computer_graphic\code\src\render.cpp(822): warning C4129: '	': secuencia de escape de carácter no reconocida
e:\guillermohdd\documents\aa2_computer_graphic\code\src\render.cpp(826): warning C4129: '	': secuencia de escape de carácter no reconocida
e:\guillermohdd\documents\aa2_computer_graphic\code\src\render.cpp(826): warning C4129: ' ': secuencia de escape de carácter no reconocida
e:\guillermohdd\documents\aa2_computer_graphic\code\src\render.cpp(827): warning C4129: '	': secuencia de escape de carácter no reconocida
e:\guillermohdd\documents\aa2_computer_graphic\code\src\render.cpp(828): warning C4129: '	': secuencia de escape de carácter no reconocida
e:\guillermohdd\documents\aa2_computer_graphic\code\src\render.cpp(829): warning C4129: '	': secuencia de escape de carácter no reconocida
e:\guillermohdd\documents\aa2_computer_graphic\code\src\render.cpp(834): warning C4129: '	': secuencia de escape de carácter no reconocida
e:\guillermohdd\documents\aa2_computer_graphic\code\src\render.cpp(834): warning C4129: ' ': secuencia de escape de carácter no reconocida
e:\guillermohdd\documents\aa2_computer_graphic\code\src\render.cpp(835): warning C4129: '	': secuencia de escape de carácter no reconocida
e:\guillermohdd\documents\aa2_computer_graphic\code\src\render.cpp(836): warning C4129: '	': secuencia de escape de carácter no reconocida
e:\guillermohdd\documents\aa2_computer_graphic\code\src\render.cpp(837): warning C4129: '	': secuencia de escape de carácter no reconocida
e:\guillermohdd\documents\aa2_computer_graphic\code\src\render.cpp(1192): warning C4129: '	': secuencia de escape de carácter no reconocida
e:\guillermohdd\documents\aa2_computer_graphic\code\src\render.cpp(1192): warning C4129: ' ': secuencia de escape de carácter no reconocida
e:\guillermohdd\documents\aa2_computer_graphic\code\src\render.cpp(1193): warning C4129: '	': secuencia de escape de carácter no reconocida
e:\guillermohdd\documents\aa2_computer_graphic\code\src\render.cpp(1194): warning C4129: '	': secuencia de escape de carácter no reconocida
e:\guillermohdd\documents\aa2_computer_graphic\code\src\render.cpp(1195): warning C4129: '	': secuencia de escape de carácter no reconocida
e:\guillermohdd\documents\aa2_computer_graphic\code\src\render.cpp(1199): warning C4129: '	': secuencia de escape de carácter no reconocida
e:\guillermohdd\documents\aa2_computer_graphic\code\src\render.cpp(1199): warning C4129: ' ': secuencia de escape de carácter no reconocida
e:\guillermohdd\documents\aa2_computer_graphic\code\src\render.cpp(1200): warning C4129: '	': secuencia de escape de carácter no reconocida
e:\guillermohdd\documents\aa2_computer_graphic\code\src\render.cpp(1201): warning C4129: '	': secuencia de escape de carácter no reconocida
e:\guillermohdd\documents\aa2_computer_graphic\code\src\render.cpp(1202): warning C4129: '	': secuencia de escape de carácter no reconocida
e:\guillermohdd\documents\aa2_computer_graphic\code\src\render.cpp(1207): warning C4129: '	': secuencia de escape de carácter no reconocida
e:\guillermohdd\documents\aa2_computer_graphic\code\src\render.cpp(1207): warning C4129: ' ': secuencia de escape de carácter no reconocida
e:\guillermohdd\documents\aa2_computer_graphic\code\src\render.cpp(1208): warning C4129: '	': secuencia de escape de carácter no reconocida
e:\guillermohdd\documents\aa2_computer_graphic\code\src\render.cpp(1209): warning C4129: '	': secuencia de escape de carácter no reconocida
e:\guillermohdd\documents\aa2_computer_graphic\code\src\render.cpp(1210): warning C4129: '	': secuencia de escape de carácter no reconocida
e:\guillermohdd\documents\aa2_computer_graphic\code\src\render.cpp(1255): warning C4244: 'argumento': conversión de 'time_t' a 'unsigned int'; posible pérdida de datos
e:\guillermohdd\documents\aa2_computer_graphic\code\src\render.cpp(1274): warning C4305: '=': truncamiento de 'double' a 'float'
e:\guillermohdd\documents\aa2_computer_graphic\code\src\render.cpp(1281): warning C4305: '=': truncamiento de 'double' a 'float'
e:\guillermohdd\documents\aa2_computer_graphic\code\src\render.cpp(1288): warning C4305: '=': truncamiento de 'double' a 'float'
e:\guillermohdd\documents\aa2_computer_graphic\code\src\render.cpp(1294): warning C4244: 'inicializando': conversión de 'double' a 'float'; posible pérdida de datos
e:\guillermohdd\documents\aa2_computer_graphic\code\src\render.cpp(1352): warning C4305: 'inicializando': truncamiento de 'double' a 'float'
e:\guillermohdd\documents\aa2_computer_graphic\code\src\render.cpp(1390): warning C4305: 'inicializando': truncamiento de 'double' a 'float'
e:\guillermohdd\documents\aa2_computer_graphic\code\src\render.cpp(1435): warning C4305: 'inicializando': truncamiento de 'double' a 'float'
e:\guillermohdd\documents\aa2_computer_graphic\code\src\render.cpp(1506): warning C4244: '=': conversión de 'double' a 'float'; posible pérdida de datos
e:\guillermohdd\documents\aa2_computer_graphic\code\src\render.cpp(1511): warning C4244: '=': conversión de 'double' a 'float'; posible pérdida de datos
e:\guillermohdd\documents\aa2_computer_graphic\code\src\render.cpp(1516): warning C4244: '=': conversión de 'double' a 'float'; posible pérdida de datos
  GL_framework.vcxproj -> E:\GuillermoHDD\Documents\AA2_Computer_Graphic\x64\Debug\GL_framework.exe
  0 archivo(s) copiado(s)
  0 archivo(s) copiado(s)
